Traceback (most recent call last):
  File "C:\DEV\cbt\main.py", line 43, in <module>
    log("api.app import OK")
  File "C:\DEV\cbt\main.py", line 37, in log
    with open(_LOG, "a", encoding="utf-8") as f:
         ^^^^^^^^^^^^^^^^^^^^^^^^^^^^^^^^^
PermissionError: [Errno 13] Permission denied: 'C:\\DEV\\cbt\\launch.log'

During handling of the above exception, another exception occurred:

Traceback (most recent call last):
  File "C:\DEV\cbt\main.py", line 45, in <module>
    log(f"IMPORT ERROR: {traceback.format_exc()}")
  File "C:\DEV\cbt\main.py", line 37, in log
    with open(_LOG, "a", encoding="utf-8") as f:
         ^^^^^^^^^^^^^^^^^^^^^^^^^^^^^^^^^
PermissionError: [Errno 13] Permission denied: 'C:\\DEV\\cbt\\launch.log'
2026-02-20 15:25:53,052 [INFO] === CBT Mock Test Application Started ===
2026-02-20 15:25:53,354 [ERROR] 서버 오류 발생:
Traceback (most recent call last):
  File "C:\DEV\cbt\main.py", line 74, in _start_server
    from api.app import create_app
  File "C:\DEV\cbt\api\app.py", line 11, in <module>
    from api.routes import router
  File "C:\DEV\cbt\api\routes.py", line 16, in <module>
    from trade_license_cbt.services.exam_service import (
  File "C:\DEV\cbt\trade_license_cbt\services\exam_service.py", line 11, in <module>
    from models.question_model import Question
ModuleNotFoundError: No module named 'models'

2026-02-20 15:26:08,272 [ERROR] 서버 시작 제한 시간을 초과했습니다.
2026-02-20 15:28:14,300 [INFO] === CBT Mock Test Application Started ===
2026-02-20 15:28:14,576 [ERROR] 서버 오류 발생:
Traceback (most recent call last):
  File "C:\DEV\cbt\main.py", line 74, in _start_server
    from api.app import create_app
  File "C:\DEV\cbt\api\app.py", line 11, in <module>
    from api.routes import router
  File "C:\DEV\cbt\api\routes.py", line 16, in <module>
    from trade_license_cbt.services.exam_service import (
  File "C:\DEV\cbt\trade_license_cbt\services\exam_service.py", line 11, in <module>
    from models.question_model import Question
ModuleNotFoundError: No module named 'models'

2026-02-20 15:28:29,513 [ERROR] 서버 시작 제한 시간을 초과했습니다.
2026-02-20 15:32:20,972 [INFO] === CBT Mock Test Application Started ===
2026-02-20 15:32:21,705 [INFO] Uvicorn 서버 시작 - Port: 59981
2026-02-20 15:32:22,212 [INFO] 서버 준비 완료. 브라우저를 엽니다.
2026-02-20 15:32:22,214 [INFO] 브라우저 실행 시도: C:\Program Files\Google\Chrome\Application\chrome.exe
2026-02-20 15:33:39,427 [INFO] OpenAI 클라이언트 초기화 완료: gpt-4o-mini
2026-02-20 15:33:39,693 [ERROR] 구역 5 처리 실패: _extract_questions_from_text() takes 1 positional argument but 2 were given
2026-02-20 15:33:39,694 [ERROR] 구역 2 처리 실패: _extract_questions_from_text() takes 1 positional argument but 2 were given
2026-02-20 15:33:39,694 [ERROR] 구역 3 처리 실패: _extract_questions_from_text() takes 1 positional argument but 2 were given
2026-02-20 15:33:39,694 [ERROR] 구역 1 처리 실패: _extract_questions_from_text() takes 1 positional argument but 2 were given
2026-02-20 15:33:39,694 [ERROR] 구역 4 처리 실패: _extract_questions_from_text() takes 1 positional argument but 2 were given
2026-02-20 15:33:39,694 [ERROR] 구역 0 처리 실패: _extract_questions_from_text() takes 1 positional argument but 2 were given
2026-02-20 15:33:39,695 [ERROR] 구역 6 처리 실패: _extract_questions_from_text() takes 1 positional argument but 2 were given
2026-02-20 15:33:39,696 [INFO] parse_pdf: 총 0개 문제 추출 완료
2026-02-20 15:33:45,637 [ERROR] 구역 3 처리 실패: _extract_questions_from_text() takes 1 positional argument but 2 were given
2026-02-20 15:33:45,638 [ERROR] 구역 4 처리 실패: _extract_questions_from_text() takes 1 positional argument but 2 were given
2026-02-20 15:33:45,638 [ERROR] 구역 5 처리 실패: _extract_questions_from_text() takes 1 positional argument but 2 were given
2026-02-20 15:33:45,638 [ERROR] 구역 0 처리 실패: _extract_questions_from_text() takes 1 positional argument but 2 were given
2026-02-20 15:33:45,639 [ERROR] 구역 1 처리 실패: _extract_questions_from_text() takes 1 positional argument but 2 were given
2026-02-20 15:33:45,639 [ERROR] 구역 2 처리 실패: _extract_questions_from_text() takes 1 positional argument but 2 were given
2026-02-20 15:33:45,639 [ERROR] 구역 6 처리 실패: _extract_questions_from_text() takes 1 positional argument but 2 were given
2026-02-20 15:33:45,640 [INFO] parse_pdf: 총 0개 문제 추출 완료
2026-02-20 15:34:17,353 [INFO] OpenAI 클라이언트 초기화 완료: gpt-4o-mini
2026-02-20 15:34:17,542 [ERROR] 구역 3 처리 실패: _extract_questions_from_text() takes 1 positional argument but 2 were given
2026-02-20 15:34:17,543 [ERROR] 구역 2 처리 실패: _extract_questions_from_text() takes 1 positional argument but 2 were given
2026-02-20 15:34:17,543 [ERROR] 구역 4 처리 실패: _extract_questions_from_text() takes 1 positional argument but 2 were given
2026-02-20 15:34:17,543 [ERROR] 구역 5 처리 실패: _extract_questions_from_text() takes 1 positional argument but 2 were given
2026-02-20 15:34:17,543 [ERROR] 구역 1 처리 실패: _extract_questions_from_text() takes 1 positional argument but 2 were given
2026-02-20 15:34:17,543 [ERROR] 구역 0 처리 실패: _extract_questions_from_text() takes 1 positional argument but 2 were given
2026-02-20 15:34:17,544 [ERROR] 구역 6 처리 실패: _extract_questions_from_text() takes 1 positional argument but 2 were given
2026-02-20 15:34:17,544 [INFO] parse_pdf: 총 0개 문제 추출 완료
2026-02-20 15:34:41,127 [INFO] === CBT Mock Test Application Started ===
2026-02-20 15:34:41,959 [INFO] Uvicorn 서버 시작 - Port: 60739
2026-02-20 15:34:42,342 [INFO] 서버 준비 완료. 브라우저를 엽니다.
2026-02-20 15:34:42,343 [INFO] 브라우저 실행 시도: C:\Program Files\Google\Chrome\Application\chrome.exe
2026-02-20 15:53:35,212 [INFO] === CBT Mock Test Application Started ===
2026-02-20 15:53:39,397 [INFO] Uvicorn 서버 시작 - Port: 52739
2026-02-20 15:53:40,082 [INFO] 서버 준비 완료. 브라우저를 엽니다.
2026-02-20 15:53:40,084 [INFO] 브라우저 실행 시도: C:\Program Files\Google\Chrome\Application\chrome.exe
2026-02-20 15:54:28,768 [INFO] OpenAI 클라이언트 초기화 완료: gpt-4o-mini
2026-02-20 15:54:34,338 [INFO] HTTP Request: POST https://api.openai.com/v1/chat/completions "HTTP/1.1 200 OK"
2026-02-20 15:54:45,873 [INFO] HTTP Request: POST https://api.openai.com/v1/chat/completions "HTTP/1.1 200 OK"
2026-02-20 15:54:50,997 [INFO] HTTP Request: POST https://api.openai.com/v1/chat/completions "HTTP/1.1 200 OK"
2026-02-20 15:55:22,607 [INFO] HTTP Request: POST https://api.openai.com/v1/chat/completions "HTTP/1.1 200 OK"
2026-02-20 15:55:23,943 [INFO] HTTP Request: POST https://api.openai.com/v1/chat/completions "HTTP/1.1 200 OK"
2026-02-20 15:56:39,790 [INFO] HTTP Request: POST https://api.openai.com/v1/chat/completions "HTTP/1.1 200 OK"
2026-02-20 15:56:39,949 [WARNING] item[14]: Question 생성 실패 — 1 validation error for Question
options
  Value error, 보기(options)는 최소 2개 이상의 항목이 필요합니다. [type=value_error, input_value=['가. ㈜KITA는 국내 ...입신고 하였다.'], input_type=list]
    For further information visit https://errors.pydantic.dev/2.12/v/value_error
2026-02-20 15:57:03,576 [INFO] HTTP Request: POST https://api.openai.com/v1/chat/completions "HTTP/1.1 200 OK"
2026-02-20 15:57:03,589 [INFO] parse_pdf: 총 115개 문제 추출 완료
2026-02-20 15:57:04,219 [INFO] HTTP Request: POST https://api.openai.com/v1/chat/completions "HTTP/1.1 200 OK"
2026-02-20 15:57:04,725 [INFO] HTTP Request: POST https://api.openai.com/v1/chat/completions "HTTP/1.1 200 OK"
2026-02-20 15:57:05,119 [INFO] HTTP Request: POST https://api.openai.com/v1/chat/completions "HTTP/1.1 200 OK"
2026-02-20 15:57:15,588 [INFO] HTTP Request: POST https://api.openai.com/v1/chat/completions "HTTP/1.1 200 OK"
2026-02-20 15:57:25,762 [INFO] merge_answers: 107/115개 답 매칭 성공
2026-02-20 16:25:39,955 [INFO] === CBT Mock Test Application Started ===
2026-02-20 16:25:40,658 [INFO] Uvicorn 서버 시작 - Port: 51300
2026-02-20 16:25:41,209 [INFO] 서버 준비 완료. 브라우저를 엽니다.
2026-02-20 16:25:41,209 [INFO] 브라우저 실행 시도: C:\Program Files\Google\Chrome\Application\chrome.exe
2026-02-20 16:26:04,736 [INFO] OpenAI 클라이언트 초기화 완료: gpt-4o-mini
2026-02-20 16:28:19,258 [INFO] HTTP Request: POST https://api.openai.com/v1/chat/completions "HTTP/1.1 200 OK"
2026-02-20 16:28:39,984 [INFO] HTTP Request: POST https://api.openai.com/v1/chat/completions "HTTP/1.1 200 OK"
2026-02-20 16:29:09,601 [INFO] HTTP Request: POST https://api.openai.com/v1/chat/completions "HTTP/1.1 200 OK"
2026-02-20 16:29:31,811 [INFO] HTTP Request: POST https://api.openai.com/v1/chat/completions "HTTP/1.1 200 OK"
2026-02-20 16:29:31,857 [WARNING] item[15]: Question 생성 실패 — 1 validation error for Question
options
  Value error, 보기(options)는 최소 2개 이상의 항목이 필요합니다. [type=value_error, input_value=['① A, B, C      ② A,..., D        ④ B, C, D'], input_type=list]
    For further information visit https://errors.pydantic.dev/2.12/v/value_error
2026-02-20 16:29:31,857 [WARNING] item[21]: Question 생성 실패 — 1 validation error for Question
options
  Value error, 보기(options)는 최소 2개 이상의 항목이 필요합니다. [type=value_error, input_value=['① A, B, C, D   ② A,... A, B, C   ④ A, B, D'], input_type=list]
    For further information visit https://errors.pydantic.dev/2.12/v/value_error
2026-02-20 16:29:31,857 [WARNING] item[22]: Question 생성 실패 — 1 validation error for Question
options
  Value error, 보기(options)는 최소 2개 이상의 항목이 필요합니다. [type=value_error, input_value=['① A, B, C   ② A, D,... B, C, D   ④ B, D, E'], input_type=list]
    For further information visit https://errors.pydantic.dev/2.12/v/value_error
2026-02-20 16:29:31,857 [WARNING] item[26]: Question 생성 실패 — 1 validation error for Question
options
  Value error, 보기(options)는 최소 2개 이상의 항목이 필요합니다. [type=value_error, input_value=['① A, B, C   ② A, D,... B, C, D   ④ B, D, E'], input_type=list]
    For further information visit https://errors.pydantic.dev/2.12/v/value_error
2026-02-20 16:29:31,858 [INFO] parse_pdf: 총 116개 문제 추출 완료
2026-02-20 16:29:31,882 [INFO] 결정적 파싱: 120개 답안 추출 (4과목)
2026-02-20 16:29:31,882 [INFO] parse_answer_pdf: 결정적 파싱 성공 — 120개 답안
2026-02-20 16:29:47,969 [INFO] merge_answers: 112/116개 답 매칭 성공
